INFO  Start processing
WARN  ===============================================================
WARN  ========================= ATTENTION! ==========================
WARN  ===============================================================
WARN   NexT repository is moving here: https://github.com/theme-next 
WARN  ===============================================================
WARN   It's rebase to v6.0.0 and future maintenance will resume there
WARN  ===============================================================
INFO  Hexo is running at http://localhost:80 . Press Ctrl+C to stop.
FATAL Port 80 has been used. Try other port instead.
FATAL Something's wrong. Maybe you can find the solution here: https://hexo.io/docs/troubleshooting.html
Error: listen EADDRINUSE: address already in use :::80
    at Server.setupListenHandle [as _listen2] (net.js:1280:14)
    at listenInCluster (net.js:1328:12)
    at Server.listen (net.js:1415:7)
    at Promise (/root/myblog/node_modules/hexo-server/lib/server.js:69:12)
    at Promise._execute (/root/myblog/node_modules/bluebird/js/release/debuggability.js:384:9)
    at Promise._resolveFromExecutor (/root/myblog/node_modules/bluebird/js/release/promise.js:518:18)
    at new Promise (/root/myblog/node_modules/bluebird/js/release/promise.js:103:10)
    at checkPort (/root/myblog/node_modules/hexo-server/lib/server.js:66:10)
    at Hexo.module.exports (/root/myblog/node_modules/hexo-server/lib/server.js:18:10)
    at Hexo.tryCatcher (/root/myblog/node_modules/bluebird/js/release/util.js:16:23)
    at Hexo.<anonymous> (/root/myblog/node_modules/bluebird/js/release/method.js:15:34)
    at Promise (/root/myblog/node_modules/hexo/lib/hexo/index.js:248:17)
    at Promise._execute (/root/myblog/node_modules/bluebird/js/release/debuggability.js:384:9)
    at Promise._resolveFromExecutor (/root/myblog/node_modules/bluebird/js/release/promise.js:518:18)
    at new Promise (/root/myblog/node_modules/bluebird/js/release/promise.js:103:10)
    at Hexo.call (/root/myblog/node_modules/hexo/lib/hexo/index.js:244:12)
    at findPkg.then.then.then (/usr/lib/node_modules/hexo-cli/lib/hexo.js:67:17)
    at tryCatcher (/usr/lib/node_modules/hexo-cli/node_modules/bluebird/js/release/util.js:16:23)
    at Promise._settlePromiseFromHandler (/usr/lib/node_modules/hexo-cli/node_modules/bluebird/js/release/promise.js:547:31)
    at Promise._settlePromise (/usr/lib/node_modules/hexo-cli/node_modules/bluebird/js/release/promise.js:604:18)
    at Promise._settlePromise0 (/usr/lib/node_modules/hexo-cli/node_modules/bluebird/js/release/promise.js:649:10)
    at Promise._settlePromises (/usr/lib/node_modules/hexo-cli/node_modules/bluebird/js/release/promise.js:729:18)
INFO  Start processing
WARN  ===============================================================
WARN  ========================= ATTENTION! ==========================
WARN  ===============================================================
WARN   NexT repository is moving here: https://github.com/theme-next 
WARN  ===============================================================
WARN   It's rebase to v6.0.0 and future maintenance will resume there
WARN  ===============================================================
INFO  Hexo is running at http://localhost:80 . Press Ctrl+C to stop.
INFO  Start processing
WARN  ===============================================================
WARN  ========================= ATTENTION! ==========================
WARN  ===============================================================
WARN   NexT repository is moving here: https://github.com/theme-next 
WARN  ===============================================================
WARN   It's rebase to v6.0.0 and future maintenance will resume there
WARN  ===============================================================
INFO  Hexo is running at http://localhost:80 . Press Ctrl+C to stop.
